11:14:58 **** Clean-only build of configuration Debug for project PA3 ****
make clean 
rm -rf  ./test/AllTests.o  ./src/Casting.o ./src/CreateTriangles.o ./src/Face.o ./src/FaceProperties.o ./src/Foo.o ./src/LightSource.o ./src/MatrixOperations.o ./src/ParseCameraModel.o ./src/ParseMaterials.o ./src/ParsePly.o ./src/ParsePlyAttributes.o ./src/Pixel.o ./src/ProjectionMatrix.o ./src/Silhouette.o ./src/SphereIntersection.o ./src/Transformation.o ./src/TransformationMatrices.o ./src/VectorOperations.o ./src/Vertex.o ./src/WritePly.o ./src/WritePpm.o  ./external/gtest/gtest-all.o  ./external/gtest/gtest-all.d  ./test/AllTests.d  ./src/Casting.d ./src/CreateTriangles.d ./src/Face.d ./src/FaceProperties.d ./src/Foo.d ./src/LightSource.d ./src/MatrixOperations.d ./src/ParseCameraModel.d ./src/ParseMaterials.d ./src/ParsePly.d ./src/ParsePlyAttributes.d ./src/Pixel.d ./src/ProjectionMatrix.d ./src/Silhouette.d ./src/SphereIntersection.d ./src/Transformation.d ./src/TransformationMatrices.d ./src/VectorOperations.d ./src/Vertex.d ./src/WritePly.d ./src/WritePpm.d  PA3
 
11:19:22 **** Incremental Build of configuration Debug for project PA4 ****
make all 
Building file: ../src/Casting.cpp
Invoking: GCC C++ Compiler
g++ -std=c++0x -I"/home/prashantm/repo/CS410/PA4/include" -O3 -g3 -ftest-coverage -fprofile-arcs -c -fmessage-length=0 -Wsign-compare -std=c++11 -MMD -MP -MF"src/Casting.d" -MT"src/Casting.d" -o "src/Casting.o" "../src/Casting.cpp"
../src/Casting.cpp: In member function 'void Casting::Reflection(Vertex, Vertex, Pixel*)':
../src/Casting.cpp:497:82: warning: comparison between signed and unsigned integer expressions [-Wsign-compare]
  for (int curr_light = 0; curr_light < this->parse_materials->light_sources.size(); curr_light++) {
                                                                                  ^
Finished building: ../src/Casting.cpp
 
Building target: PA4
Invoking: GCC C++ Linker
g++ -ftest-coverage -fprofile-arcs -o "PA4"  ./test/AllTests.o  ./src/Casting.o ./src/CreateTriangles.o ./src/Face.o ./src/FaceProperties.o ./src/Foo.o ./src/LightSource.o ./src/MatrixOperations.o ./src/ParseCameraModel.o ./src/ParseMaterials.o ./src/ParsePly.o ./src/ParsePlyAttributes.o ./src/Pixel.o ./src/ProjectionMatrix.o ./src/Silhouette.o ./src/SphereIntersection.o ./src/Transformation.o ./src/TransformationMatrices.o ./src/VectorOperations.o ./src/Vertex.o ./src/WritePly.o ./src/WritePpm.o  ./external/gtest/gtest-all.o   -lpthread
Finished building target: PA4
 
11:21:12 **** Incremental Build of configuration Debug for project PA4 ****
make all 
make: Nothing to be done for `all'.
11:21:48 **** Incremental Build of configuration Debug for project PA4 ****
make all 
Building file: ../src/Casting.cpp
Invoking: GCC C++ Compiler
g++ -std=c++0x -I"/home/prashantm/repo/CS410/PA4/include" -O3 -g3 -ftest-coverage -fprofile-arcs -c -fmessage-length=0 -Wsign-compare -std=c++11 -MMD -MP -MF"src/Casting.d" -MT"src/Casting.d" -o "src/Casting.o" "../src/Casting.cpp"
../src/Casting.cpp: In member function 'void Casting::Reflection(Vertex, Vertex, Pixel*)':
../src/Casting.cpp:497:82: warning: comparison between signed and unsigned integer expressions [-Wsign-compare]
  for (int curr_light = 0; curr_light < this->parse_materials->light_sources.size(); curr_light++) {
                                                                                  ^
Finished building: ../src/Casting.cpp
 
Building target: PA4
Invoking: GCC C++ Linker
g++ -ftest-coverage -fprofile-arcs -o "PA4"  ./test/AllTests.o  ./src/Casting.o ./src/CreateTriangles.o ./src/Face.o ./src/FaceProperties.o ./src/Foo.o ./src/LightSource.o ./src/MatrixOperations.o ./src/ParseCameraModel.o ./src/ParseMaterials.o ./src/ParsePly.o ./src/ParsePlyAttributes.o ./src/Pixel.o ./src/ProjectionMatrix.o ./src/Silhouette.o ./src/SphereIntersection.o ./src/Transformation.o ./src/TransformationMatrices.o ./src/VectorOperations.o ./src/Vertex.o ./src/WritePly.o ./src/WritePpm.o  ./external/gtest/gtest-all.o   -lpthread
Finished building target: PA4
 
11:26:20 **** Incremental Build of configuration Debug for project PA4 ****
make all 
make: Nothing to be done for `all'.
15:26:59 **** Incremental Build of configuration Debug for project PA4 ****
make all 
make: Nothing to be done for `all'.
15:27:34 **** Incremental Build of configuration Debug for project PA4 ****
make all 
Building file: ../src/Casting.cpp
Invoking: GCC C++ Compiler
g++ -std=c++0x -I"/home/prashantm/repo/CS410/PA4/include" -O3 -g3 -ftest-coverage -fprofile-arcs -c -fmessage-length=0 -Wsign-compare -std=c++11 -MMD -MP -MF"src/Casting.d" -MT"src/Casting.d" -o "src/Casting.o" "../src/Casting.cpp"
../src/Casting.cpp: In member function 'void Casting::Reflection(Vertex, Vertex, Pixel*)':
../src/Casting.cpp:497:82: warning: comparison between signed and unsigned integer expressions [-Wsign-compare]
  for (int curr_light = 0; curr_light < this->parse_materials->light_sources.size(); curr_light++) {
                                                                                  ^
Finished building: ../src/Casting.cpp
 
Building target: PA4
Invoking: GCC C++ Linker
g++ -ftest-coverage -fprofile-arcs -o "PA4"  ./test/AllTests.o  ./src/Casting.o ./src/CreateTriangles.o ./src/Face.o ./src/FaceProperties.o ./src/Foo.o ./src/LightSource.o ./src/MatrixOperations.o ./src/ParseCameraModel.o ./src/ParseMaterials.o ./src/ParsePly.o ./src/ParsePlyAttributes.o ./src/Pixel.o ./src/ProjectionMatrix.o ./src/Silhouette.o ./src/SphereIntersection.o ./src/Transformation.o ./src/TransformationMatrices.o ./src/VectorOperations.o ./src/Vertex.o ./src/WritePly.o ./src/WritePpm.o  ./external/gtest/gtest-all.o   -lpthread
Finished building target: PA4
 
15:28:14 **** Incremental Build of configuration Debug for project PA4 ****
make all 
Building file: ../src/Casting.cpp
Invoking: GCC C++ Compiler
g++ -std=c++0x -I"/home/prashantm/repo/CS410/PA4/include" -O3 -g3 -ftest-coverage -fprofile-arcs -c -fmessage-length=0 -Wsign-compare -std=c++11 -MMD -MP -MF"src/Casting.d" -MT"src/Casting.d" -o "src/Casting.o" "../src/Casting.cpp"
../src/Casting.cpp: In member function 'void Casting::Reflection(Vertex, Vertex, Pixel*)':
../src/Casting.cpp:497:82: warning: comparison between signed and unsigned integer expressions [-Wsign-compare]
  for (int curr_light = 0; curr_light < this->parse_materials->light_sources.size(); curr_light++) {
                                                                                  ^
Finished building: ../src/Casting.cpp
 
Building target: PA4
Invoking: GCC C++ Linker
g++ -ftest-coverage -fprofile-arcs -o "PA4"  ./test/AllTests.o  ./src/Casting.o ./src/CreateTriangles.o ./src/Face.o ./src/FaceProperties.o ./src/Foo.o ./src/LightSource.o ./src/MatrixOperations.o ./src/ParseCameraModel.o ./src/ParseMaterials.o ./src/ParsePly.o ./src/ParsePlyAttributes.o ./src/Pixel.o ./src/ProjectionMatrix.o ./src/Silhouette.o ./src/SphereIntersection.o ./src/Transformation.o ./src/TransformationMatrices.o ./src/VectorOperations.o ./src/Vertex.o ./src/WritePly.o ./src/WritePpm.o  ./external/gtest/gtest-all.o   -lpthread
Finished building target: PA4
 
